LKA_CarWidth 

LKA_SampleTime 

LKA_StrRatio_C 

LKA_Veh2CamL_C 

LKA_Veh2CamW_C 

LKA_WhlBaseL_C 

LL_CompSWA_C 

LL_CrvtPrvwT_C 

LL_DesDvt_C 

LL_DvtComp_C 

LL_DvtPrvwT_C 

LL_DvtSpdDet_vDvtSpdMin_C 

LL_HdAgExT_C 

LL_HdAgPrvwT_C 

LL_LAccMax_C 

LL_LAccRMax_C 

LL_LDWS_SUPPRESS_HEADING 

LL_LDW_EarliestWarnLine_C 

LL_LDW_LatestWarnLine_C 

LL_LFClb_TFC_DiffCtlBalance 

LL_LFClb_TFC_DiffCtrlMaxSWA 

LL_LFClb_TFC_DiffCtrlRatio 

LL_LFClb_TFC_FfCtlRatio_C 

LL_LFClb_TFC_facmGainLutGain1_C 

LL_LFClb_TFC_facmGainLutGain2_C 

LL_LFClb_TFC_facmIntegRatio 

LL_LFClb_TFC_facmKlat_C 

LL_LFClb_TFC_phiIntegCtlMaxSWA_C 

LL_LFClb_TFC_tiKlatPrvwT_C 

LL_LFClb_TFC_vGainLutVehSpdLwr_C 

LL_LFClb_TFC_vGainLutVehSpdUpr_C 

LL_LKAExPrcs_ExitC0Dvt 

LL_LKAExPrcs_ExitC0Swt 

LL_LKAExPrcs_tiExitTime1 

LL_LKAExPrcs_tiExitTime2 

LL_LKAExPrcs_tiExitTime3 

LL_LKASWASyn_M0 

LL_LKASWASyn_M1 

LL_LKASWASyn_M2 

LL_LKASWASyn_M3K 

LL_LKASWASyn_SWAaddMax 

LL_LKASWASyn_T2 

LL_LKASWASyn_TrqMax 

LL_LKASWASyn_TrqSwaAddSwt 

LL_LKASWASyn_TrqSwaRateDiff 

LL_LKASWASyn_tiTrqSwaRtTime 

LL_LKASWASyn_tiTrqSwaTime 

LL_LKAS_OUT_OF_CONTROL_LAT_VEL 

LL_LKAS_OUT_OF_CONTROL_TTLC 

LL_LKA_EarliestWarnLine_C 

LL_LKA_LatestWarnLine_C 

LL_LSpdCompT_C 

LL_MAX_DELAY_EPSSTAR_TIME 

LL_MAX_DRIVER_TORQUE_DISABLE 

LL_MAX_DRIVER_TORQUE_ENABLE 

LL_MAX_LANE_WIDTH_DISABLE 

LL_MAX_LANE_WIDTH_ENABLE 

LL_MAX_LAT_ACC_DISABLE 

LL_MAX_LAT_ACC_ENABLE 

LL_MAX_LDWS_SPEED_DISABLE 

LL_MAX_LDWS_SPEED_ENABLE 

LL_MAX_LKAS_SPEED_DISABLE 

LL_MAX_LKAS_SPEED_ENABLE 

LL_MAX_LONG_ACC_DISABLE 

LL_MAX_LONG_ACC_ENABLE 

LL_MAX_LONG_DECEL_DISABLE 

LL_MAX_LONG_DECEL_ENABLE 

LL_MAX_STEER_ANGLE_DISABLE 

LL_MAX_STEER_ANGLE_ENABLE 

LL_MAX_STEER_SPEED_DISABLE 

LL_MAX_STEER_SPEED_ENABLE 

LL_MAX_SYSTEM_CURVATURE_DISABLE 

LL_MAX_SYSTEM_CURVATURE_ENABLE 

LL_MIN_LANE_WIDTH_DISABLE 

LL_MIN_LANE_WIDTH_ENABLE 

LL_MIN_LKAS_SPEED_DISABLE 

LL_MIN_LKAS_SPEED_ENABLE 

LL_Max_LDWS_Warning_Time 

LL_NomTAhd_C 

LL_ThresDet_lDvtThresLwrLDW 

LL_ThresDet_lDvtThresLwrLKA 

LL_ThresDet_lDvtThresUprLDW 

LL_ThresDet_lDvtThresUprLKA 

LL_ThresDet_tiTTLCThresLDW 

LL_ThresDet_tiTTLCThresLKA 

LL_TkOvStChk_tiTDelTime 

LL_TkOvStChk_tiTrqChkT 

LL_lStpLngth_C 

